<?xml version="1.0" encoding="UTF-8"?>
<testsuite name="Busqueda de flotas en el Input de Buscar flota" tests="2" skipped="0" failures="2" errors="0" timestamp="2025-07-04T21:02:19.107Z" hostname="APOLO" time="5.852">
  <properties/>
  <testcase name="Consultar una flota válida por nombre" classname="Busqueda de flotas en el Input de Buscar flota" time="0.68">
    <failure message="java.lang.AssertionError: &#10;Expected: &lt;true&gt;&#10;     but: was &lt;false&gt;" type="java.lang.AssertionError">java.lang.AssertionError: 
Expected: &lt;true&gt;
     but: was &lt;false&gt;
	at net.serenitybdd.screenplay.ErrorTally.throwSummaryExceptionFrom(ErrorTally.java:38)
	at net.serenitybdd.screenplay.ErrorTally.reportAnyErrors(ErrorTally.java:32)
	at net.serenitybdd.screenplay.Actor.should(Actor.java:397)
	at co.edu.udea.certificacion.monitoreoyreportes.stepdefinitions.BuscarFlotaStepDefinition.muestraInformacionFlota(BuscarFlotaStepDefinition.java:49)
	at ✽.deberia ver la información de dicha flota en la tabla(file:///C:/Users/Atenas/Desktop/Automation/src/test/resources/features/buscar_flota.feature:14)
</failure>
  </testcase>
  <testcase name="Buscar una flota que no existe" classname="Busqueda de flotas en el Input de Buscar flota" time="5.172">
    <failure message="java.lang.AssertionError: &#10;Expected: &lt;true&gt;&#10;     but: was &lt;false&gt;" type="java.lang.AssertionError">java.lang.AssertionError: 
Expected: &lt;true&gt;
     but: was &lt;false&gt;
	at net.serenitybdd.screenplay.ErrorTally.throwSummaryExceptionFrom(ErrorTally.java:38)
	at net.serenitybdd.screenplay.ErrorTally.reportAnyErrors(ErrorTally.java:32)
	at net.serenitybdd.screenplay.Actor.should(Actor.java:397)
	at co.edu.udea.certificacion.monitoreoyreportes.stepdefinitions.BuscarFlotaStepDefinition.mensajeNoResultados(BuscarFlotaStepDefinition.java:54)
	at ✽.deberia ver un mensaje indicando que no hay resultados(file:///C:/Users/Atenas/Desktop/Automation/src/test/resources/features/buscar_flota.feature:20)
</failure>
  </testcase>
  <system-out><![CDATA[]]></system-out>
  <system-err><![CDATA[[Test worker] INFO  - 
  _____   ___   ___   _____     ___   _____     _     ___   _____   ___   ___  
 |_   _| | __| / __| |_   _|   / __| |_   _|   /_\   | _ \ |_   _| | __| |   \ 
   | |   | _|  \__ \   | |     \__ \   | |    / _ \  |   /   | |   | _|  | |) |
   |_|   |___| |___/   |_|     |___/   |_|   /_/ \_\ |_|_\   |_|   |___| |___/ 

Consultar una flota válida por nombre(busqueda-de-flotas-en-el-input-de-buscar-flota;consultar-una-flota-válida-por-nombre)
--------------------------------------------------------------------------------
[Test worker] ERROR  - ?[91m
  _____   ___   ___   _____     ___     _     ___   _      ___   ___  
 |_   _| | __| / __| |_   _|   | __|   /_\   |_ _| | |    | __| |   \ 
   | |   | _|  \__ \   | |     | _|   / _ \   | |  | |__  | _|  | |) |
   |_|   |___| |___/   |_|     |_|   /_/ \_\ |___| |____| |___| |___/ 

Consultar una flota válida por nombre
-----------------------------------------------------------------------?[0m
[Test worker] ERROR  - ?[91m    Test failed at step: Then validation see data flota should be (true)?[0m
[Test worker] ERROR  - ?[91m    Expected: <true> but: was <false>?[0m
[Test worker] INFO  - 
  _____   ___   ___   _____     ___   _____     _     ___   _____   ___   ___  
 |_   _| | __| / __| |_   _|   / __| |_   _|   /_\   | _ \ |_   _| | __| |   \ 
   | |   | _|  \__ \   | |     \__ \   | |    / _ \  |   /   | |   | _|  | |) |
   |_|   |___| |___/   |_|     |___/   |_|   /_/ \_\ |_|_\   |_|   |___| |___/ 

Buscar una flota que no existe(busqueda-de-flotas-en-el-input-de-buscar-flota;buscar-una-flota-que-no-existe)
--------------------------------------------------------------------------------
[Test worker] ERROR  - ?[91m
  _____   ___   ___   _____     ___     _     ___   _      ___   ___  
 |_   _| | __| / __| |_   _|   | __|   /_\   |_ _| | |    | __| |   \ 
   | |   | _|  \__ \   | |     | _|   / _ \   | |  | |__  | _|  | |) |
   |_|   |___| |___/   |_|     |_|   /_/ \_\ |___| |____| |___| |___/ 

Buscar una flota que no existe
-----------------------------------------------------------------------?[0m
[Test worker] ERROR  - ?[91m    Test failed at step: Then validation no data flota should be (true)?[0m
[Test worker] ERROR  - ?[91m    Expected: <true> but: was <false>?[0m
]]></system-err>
</testsuite>
